<?xml version="1.0" encoding="UTF-8"?>
<!-- Generated by org.testng.reporters.JUnitReportReporter -->
<testsuite skipped="0" hostname="ManojKumar-PC" name="testcases.Loginpage" tests="1" failures="0" timestamp="01 Apr 2017 09:30:02 GMT" time="22.758" errors="0">
  <testcase name="testhomepage" time="22.758" classname="testcases.Loginpage"/>
</testsuite> <!-- testcases.Loginpage -->
