<?xml version="1.0" encoding="UTF-8"?>
<!-- Generated by org.testng.reporters.JUnitReportReporter -->
<testsuite skipped="0" hostname="ManojKumar-PC" name="testcases.Loginpagewithreports_screenshot" tests="1" failures="0" timestamp="01 Apr 2017 10:03:41 GMT" time="10.625" errors="0">
  <testcase name="testhomepage" time="10.625" classname="testcases.Loginpagewithreports_screenshot"/>
</testsuite> <!-- testcases.Loginpagewithreports_screenshot -->
