<?xml version="1.0" encoding="UTF-8"?>
<!-- Generated by org.testng.reporters.JUnitReportReporter -->
<testsuite skipped="0" hostname="ManojKumar-PC" name="testcases.Loginpagewithreport" tests="1" failures="0" timestamp="01 Apr 2017 09:30:02 GMT" time="9.990" errors="0">
  <testcase name="testhomepage" time="9.990" classname="testcases.Loginpagewithreport"/>
</testsuite> <!-- testcases.Loginpagewithreport -->
